<?xml version="1.0" encoding="UTF-8"?>
<!-- Generated by org.testng.reporters.JUnitXMLReporter -->
<testsuite hostname="DESKTOP-HUBNUF3" ignored="0" name="Test" tests="6" failures="0" timestamp="30 Jul 2020 05:09:16 GMT" time="6.722" errors="0">
  <testcase name="test1" time="0.013" classname="listeners.TestNGListenerDemo"/>
  <testcase name="test2" time="6.619" classname="listeners.TestNGListenerDemo"/>
  <testcase name="test3" time="0.003" classname="listeners.TestNGListenerDemo"/>
  <testcase name="test4" time="0.004" classname="listeners.TestNGListenerDemo2"/>
  <testcase name="test5" time="0.003" classname="listeners.TestNGListenerDemo2"/>
  <testcase name="test6" time="0.002" classname="listeners.TestNGListenerDemo2"/>
</testsuite> <!-- Test -->
