<?xml version="1.0" encoding="UTF-8"?>
<!-- Generated by org.testng.reporters.JUnitXMLReporter -->
<testsuite hostname="DESKTOP-HUBNUF3" ignored="1" name="Test1" tests="2" failures="0" timestamp="28 Jul 2020 07:10:21 GMT" time="15.04" errors="0">
  <testcase name="googleSearch3" time="4.522" classname="test.TestNGDemo2"/>
  <testcase name="googleSearch1" time="4.956" classname="test.TestNGDemo1"/>
  <testcase name="googleSearch2" time="0.0" classname="test.TestNGDemo2">
    <ignored/>
  </testcase> <!-- googleSearch2 -->
</testsuite> <!-- Test1 -->
