<?xml version="1.0" encoding="UTF-8"?>
<testng-results skipped="0" failed="0" ignored="0" total="6" passed="6">
  <reporter-output>
  </reporter-output>
  <suite name="Suite" duration-ms="6722" started-at="2020-07-30T05:09:09Z" finished-at="2020-07-30T05:09:16Z">
    <groups>
    </groups>
    <test name="Test" duration-ms="6722" started-at="2020-07-30T05:09:09Z" finished-at="2020-07-30T05:09:16Z">
      <class name="listeners.TestNGListenerDemo2">
        <test-method status="PASS" signature="test4()[pri:0, instance:listeners.TestNGListenerDemo2@5c3bd550]" name="test4" duration-ms="4" started-at="2020-07-30T05:09:16Z" finished-at="2020-07-30T05:09:16Z">
          <reporter-output>
          </reporter-output>
        </test-method> <!-- test4 -->
        <test-method status="PASS" signature="test5()[pri:0, instance:listeners.TestNGListenerDemo2@5c3bd550]" name="test5" duration-ms="3" started-at="2020-07-30T05:09:16Z" finished-at="2020-07-30T05:09:16Z">
          <reporter-output>
          </reporter-output>
        </test-method> <!-- test5 -->
        <test-method status="PASS" signature="test6()[pri:0, instance:listeners.TestNGListenerDemo2@5c3bd550]" name="test6" duration-ms="2" started-at="2020-07-30T05:09:16Z" finished-at="2020-07-30T05:09:16Z">
          <reporter-output>
          </reporter-output>
        </test-method> <!-- test6 -->
      </class> <!-- listeners.TestNGListenerDemo2 -->
      <class name="listeners.TestNGListenerDemo">
        <test-method status="PASS" signature="test1()[pri:0, instance:listeners.TestNGListenerDemo@5e3a8624]" name="test1" duration-ms="13" started-at="2020-07-30T05:09:09Z" finished-at="2020-07-30T05:09:09Z">
          <reporter-output>
          </reporter-output>
        </test-method> <!-- test1 -->
        <test-method status="PASS" signature="test2()[pri:0, instance:listeners.TestNGListenerDemo@5e3a8624]" name="test2" duration-ms="6619" started-at="2020-07-30T05:09:09Z" finished-at="2020-07-30T05:09:16Z">
          <reporter-output>
          </reporter-output>
        </test-method> <!-- test2 -->
        <test-method status="PASS" signature="test3()[pri:0, instance:listeners.TestNGListenerDemo@5e3a8624]" name="test3" duration-ms="3" started-at="2020-07-30T05:09:16Z" finished-at="2020-07-30T05:09:16Z">
          <reporter-output>
          </reporter-output>
        </test-method> <!-- test3 -->
      </class> <!-- listeners.TestNGListenerDemo -->
    </test> <!-- Test -->
  </suite> <!-- Suite -->
</testng-results>
